# JRE version: Java(TM) SE Runtime Environment (17.0.7+8) (build 17.0.7+8-LTS-224)
# Java VM: Java HotSpot(TM) 64-Bit Server VM (17.0.7+8-LTS-224, mixed mode, sharing, tiered, compressed oops, compressed class ptrs, g1 gc, windows-amd64)
GC Precious Log:
 CPUs: 12 total, 12 available
 Memory: 14188M
 Large Page Support: Disabled
 NUMA Support: Disabled
 Compressed Oops: Enabled (Zero based)
 Heap Region Size: 2M
 Heap Min Capacity: 8M
 Heap Initial Capacity: 222M
 Heap Max Capacity: 3548M
 Pre-touch: Disabled
 Parallel Workers: 10
 Concurrent Workers: 3
 Concurrent Refinement Workers: 10
 Periodic GC: Disabled
Heap:
 garbage-first heap   total 126976K, used 74008K [0x0000000722400000, 0x0000000800000000)
  region size 2048K, 3 young (6144K), 1 survivors (2048K)
 Metaspace       used 35587K, committed 35968K, reserved 1081344K
  class space    used 4236K, committed 4416K, reserved 1048576K
GC Heap History (20 events):
Event: 1.623 GC heap before
{Heap before GC invocations=2 (full 0):
 garbage-first heap   total 227328K, used 56296K [0x0000000722400000, 0x0000000800000000)
  region size 2048K, 26 young (53248K), 2 survivors (4096K)
 Metaspace       used 21330K, committed 21504K, reserved 1073152K
  class space    used 2406K, committed 2496K, reserved 1048576K
}
Event: 1.628 GC heap after
{Heap after GC invocations=3 (full 0):
 garbage-first heap   total 227328K, used 13586K [0x0000000722400000, 0x0000000800000000)
  region size 2048K, 4 young (8192K), 4 survivors (8192K)
 Metaspace       used 21330K, committed 21504K, reserved 1073152K
  class space    used 2406K, committed 2496K, reserved 1048576K
}
Event: 2.005 GC heap before
{Heap before GC invocations=4 (full 0):
 garbage-first heap   total 61440K, used 42258K [0x0000000722400000, 0x0000000800000000)
  region size 2048K, 18 young (36864K), 4 survivors (8192K)
 Metaspace       used 26906K, committed 27200K, reserved 1081344K
  class space    used 3127K, committed 3264K, reserved 1048576K
}
Event: 2.011 GC heap after
{Heap after GC invocations=5 (full 0):
 garbage-first heap   total 61440K, used 16420K [0x0000000722400000, 0x0000000800000000)
  region size 2048K, 2 young (4096K), 2 survivors (4096K)
 Metaspace       used 26906K, committed 27200K, reserved 1081344K
  class space    used 3127K, committed 3264K, reserved 1048576K
}
Event: 2.053 GC heap before
{Heap before GC invocations=5 (full 0):
 garbage-first heap   total 61440K, used 18468K [0x0000000722400000, 0x0000000800000000)
  region size 2048K, 3 young (6144K), 2 survivors (4096K)
 Metaspace       used 27516K, committed 27776K, reserved 1081344K
  class space    used 3196K, committed 3328K, reserved 1048576K
}
Event: 2.057 GC heap after
{Heap after GC invocations=6 (full 0):
 garbage-first heap   total 61440K, used 17185K [0x0000000722400000, 0x0000000800000000)
  region size 2048K, 1 young (2048K), 1 survivors (2048K)
 Metaspace       used 27516K, committed 27776K, reserved 1081344K
  class space    used 3196K, committed 3328K, reserved 1048576K
}
Event: 3.449 GC heap before
{Heap before GC invocations=6 (full 0):
 garbage-first heap   total 61440K, used 45857K [0x0000000722400000, 0x0000000800000000)
  region size 2048K, 12 young (24576K), 1 survivors (2048K)
 Metaspace       used 32731K, committed 32960K, reserved 1081344K
  class space    used 3904K, committed 4032K, reserved 1048576K
}
Event: 3.453 GC heap after
{Heap after GC invocations=7 (full 0):
 garbage-first heap   total 61440K, used 24351K [0x0000000722400000, 0x0000000800000000)
  region size 2048K, 1 young (2048K), 1 survivors (2048K)
 Metaspace       used 32731K, committed 32960K, reserved 1081344K
  class space    used 3904K, committed 4032K, reserved 1048576K
}
Event: 15.183 GC heap before
{Heap before GC invocations=7 (full 0):
 garbage-first heap   total 61440K, used 46879K [0x0000000722400000, 0x0000000800000000)
  region size 2048K, 10 young (20480K), 1 survivors (2048K)
 Metaspace       used 34679K, committed 35008K, reserved 1081344K
  class space    used 4169K, committed 4352K, reserved 1048576K
}
Event: 15.188 GC heap after
{Heap after GC invocations=8 (full 0):
 garbage-first heap   total 61440K, used 31997K [0x0000000722400000, 0x0000000800000000)
  region size 2048K, 2 young (4096K), 2 survivors (4096K)
 Metaspace       used 34679K, committed 35008K, reserved 1081344K
  class space    used 4169K, committed 4352K, reserved 1048576K
}
Event: 16.427 GC heap before
{Heap before GC invocations=9 (full 0):
 garbage-first heap   total 69632K, used 42237K [0x0000000722400000, 0x0000000800000000)
  region size 2048K, 5 young (10240K), 2 survivors (4096K)
 Metaspace       used 34704K, committed 35072K, reserved 1081344K
  class space    used 4169K, committed 4352K, reserved 1048576K
}
Event: 16.431 GC heap after
{Heap after GC invocations=10 (full 0):
 garbage-first heap   total 69632K, used 39006K [0x0000000722400000, 0x0000000800000000)
  region size 2048K, 1 young (2048K), 1 survivors (2048K)
 Metaspace       used 34704K, committed 35072K, reserved 1081344K
  class space    used 4169K, committed 4352K, reserved 1048576K
}
Event: 28.386 GC heap before
{Heap before GC invocations=11 (full 0):
 garbage-first heap   total 81920K, used 67678K [0x0000000722400000, 0x0000000800000000)
  region size 2048K, 7 young (14336K), 1 survivors (2048K)
 Metaspace       used 34866K, committed 35200K, reserved 1081344K
  class space    used 4175K, committed 4352K, reserved 1048576K
}
Event: 28.389 GC heap after
{Heap after GC invocations=12 (full 0):
 garbage-first heap   total 81920K, used 58592K [0x0000000722400000, 0x0000000800000000)
  region size 2048K, 1 young (2048K), 1 survivors (2048K)
 Metaspace       used 34866K, committed 35200K, reserved 1081344K
  class space    used 4175K, committed 4352K, reserved 1048576K
}
Event: 37.905 GC heap before
{Heap before GC invocations=12 (full 0):
 garbage-first heap   total 81920K, used 60640K [0x0000000722400000, 0x0000000800000000)
  region size 2048K, 2 young (4096K), 1 survivors (2048K)
 Metaspace       used 34937K, committed 35264K, reserved 1081344K
  class space    used 4176K, committed 4352K, reserved 1048576K
}
Event: 37.910 GC heap after
{Heap after GC invocations=13 (full 0):
 garbage-first heap   total 81920K, used 58615K [0x0000000722400000, 0x0000000800000000)
  region size 2048K, 1 young (2048K), 1 survivors (2048K)
 Metaspace       used 34937K, committed 35264K, reserved 1081344K
  class space    used 4176K, committed 4352K, reserved 1048576K
}
Event: 40.356 GC heap before
{Heap before GC invocations=13 (full 0):
 garbage-first heap   total 81920K, used 64759K [0x0000000722400000, 0x0000000800000000)
  region size 2048K, 5 young (10240K), 1 survivors (2048K)
 Metaspace       used 35448K, committed 35776K, reserved 1081344K
  class space    used 4235K, committed 4416K, reserved 1048576K
}
Event: 40.357 GC heap after
{Heap after GC invocations=14 (full 0):
 garbage-first heap   total 81920K, used 59115K [0x0000000722400000, 0x0000000800000000)
  region size 2048K, 1 young (2048K), 1 survivors (2048K)
 Metaspace       used 35448K, committed 35776K, reserved 1081344K
  class space    used 4235K, committed 4416K, reserved 1048576K
}
Event: 41.511 GC heap before
{Heap before GC invocations=15 (full 0):
 garbage-first heap   total 116736K, used 67307K [0x0000000722400000, 0x0000000800000000)
  region size 2048K, 3 young (6144K), 1 survivors (2048K)
 Metaspace       used 35479K, committed 35840K, reserved 1081344K
  class space    used 4235K, committed 4416K, reserved 1048576K
}
Event: 41.513 GC heap after
{Heap after GC invocations=16 (full 0):
 garbage-first heap   total 116736K, used 65816K [0x0000000722400000, 0x0000000800000000)
  region size 2048K, 1 young (2048K), 1 survivors (2048K)
 Metaspace       used 35479K, committed 35840K, reserved 1081344K
  class space    used 4235K, committed 4416K, reserved 1048576K
}

